<?xml version="1.0" encoding="UTF-8"?>
<testsuite xmlns:xsi="http://www.w3.org/2001/XMLSchema-instance" xsi:noNamespaceSchemaLocation="https://maven.apache.org/surefire/maven-surefire-plugin/xsd/surefire-test-report-3.0.xsd" version="3.0" name="com.microblogging.project.ProjectApplicationTests" time="2.574" tests="1" errors="0" skipped="0" failures="0">
  <properties>
[...]
</properties>
  <testcase name="contextLoads" classname="com.microblogging.project.ProjectApplicationTests" time="0.311">
    <system-out><![CDATA[10:01:59.561 [main] INFO org.springframework.test.context.support.AnnotationConfigContextLoaderUtils -- Could not detect default configuration classes for test class [com.microblogging.project.ProjectApplicationTests]: ProjectApplicationTests does not declare any static, non-private, non-final, nested classes annotated with @Configuration.
10:01:59.604 [main] INFO org.springframework.boot.test.context.SpringBootTestContextBootstrapper -- Found @SpringBootConfiguration com.microblogging.project.ProjectApplication for test class com.microblogging.project.ProjectApplicationTests

  .   ____          _            __ _ _
 /\\ / ___'_ __ _ _(_)_ __  __ _ \ \ \ \
( ( )\___ | '_ | '_| | '_ \/ _` | \ \ \ \
 \\/  ___)| |_)| | | | | || (_| |  ) ) ) )
  '  |____| .__|_| |_|_| |_\__, | / / / /
 =========|_|==============|___/=/_/_/_/

 :: Spring Boot ::                (v3.4.0)

2025-07-24T10:01:59.757-03:00  WARN 1428 --- [project] [           main] ory$DuplicateJsonObjectContextCustomizer : 

Found multiple occurrences of org.json.JSONObject on the class path:

	jar:file:/Users/dariomarranti/.m2/repository/org/json/json/20240303/json-20240303.jar!/org/json/JSONObject.class
	jar:file:/Users/dariomarranti/.m2/repository/com/vaadin/external/google/android-json/0.0.20131108.vaadin1/android-json-0.0.20131108.vaadin1.jar!/org/json/JSONObject.class

You may wish to exclude one of them to ensure predictable runtime behavior

2025-07-24T10:01:59.764-03:00  INFO 1428 --- [project] [           main] c.m.project.ProjectApplicationTests      : Starting ProjectApplicationTests using Java 21.0.1 with PID 1428 (started by dariomarranti in /Users/dariomarranti/Develop/Workspace/personal/microblogging)
2025-07-24T10:01:59.764-03:00  INFO 1428 --- [project] [           main] c.m.project.ProjectApplicationTests      : No active profile set, falling back to 1 default profile: "default"
2025-07-24T10:02:00.025-03:00  INFO 1428 --- [project] [           main] .s.d.r.c.RepositoryConfigurationDelegate : Multiple Spring Data modules found, entering strict repository configuration mode
2025-07-24T10:02:00.025-03:00  INFO 1428 --- [project] [           main] .s.d.r.c.RepositoryConfigurationDelegate : Bootstrapping Spring Data JPA repositories in DEFAULT mode.
2025-07-24T10:02:00.053-03:00  INFO 1428 --- [project] [           main] .s.d.r.c.RepositoryConfigurationDelegate : Finished Spring Data repository scanning in 23 ms. Found 3 JPA repository interfaces.
2025-07-24T10:02:00.270-03:00  INFO 1428 --- [project] [           main] o.hibernate.jpa.internal.util.LogHelper  : HHH000204: Processing PersistenceUnitInfo [name: default]
2025-07-24T10:02:00.292-03:00  INFO 1428 --- [project] [           main] org.hibernate.Version                    : HHH000412: Hibernate ORM core version 6.6.2.Final
2025-07-24T10:02:00.305-03:00  INFO 1428 --- [project] [           main] o.h.c.internal.RegionFactoryInitiator    : HHH000026: Second-level cache disabled
2025-07-24T10:02:00.406-03:00  INFO 1428 --- [project] [           main] o.s.o.j.p.SpringPersistenceUnitInfo      : No LoadTimeWeaver setup: ignoring JPA class transformer
2025-07-24T10:02:00.417-03:00  INFO 1428 --- [project] [           main] com.zaxxer.hikari.HikariDataSource       : HikariPool-1 - Starting...
2025-07-24T10:02:00.490-03:00  INFO 1428 --- [project] [           main] com.zaxxer.hikari.pool.HikariPool        : HikariPool-1 - Added connection conn0: url=jdbc:h2:mem:microblogdb user=SA
2025-07-24T10:02:00.491-03:00  INFO 1428 --- [project] [           main] com.zaxxer.hikari.HikariDataSource       : HikariPool-1 - Start completed.
2025-07-24T10:02:00.506-03:00  WARN 1428 --- [project] [           main] org.hibernate.orm.deprecation            : HHH90000025: H2Dialect does not need to be specified explicitly using 'hibernate.dialect' (remove the property setting and it will be selected by default)
2025-07-24T10:02:00.514-03:00  INFO 1428 --- [project] [           main] org.hibernate.orm.connections.pooling    : HHH10001005: Database info:
	Database JDBC URL [Connecting through datasource 'HikariDataSource (HikariPool-1)']
	Database driver: undefined/unknown
	Database version: 2.3.232
	Autocommit mode: undefined/unknown
	Isolation level: undefined/unknown
	Minimum pool size: undefined/unknown
	Maximum pool size: undefined/unknown
2025-07-24T10:02:00.993-03:00  INFO 1428 --- [project] [           main] o.h.e.t.j.p.i.JtaPlatformInitiator       : HHH000489: No JTA platform available (set 'hibernate.transaction.jta.platform' to enable JTA platform integration)
2025-07-24T10:02:00.998-03:00 DEBUG 1428 --- [project] [           main] org.hibernate.SQL                        : 
    drop table if exists follows cascade 
Hibernate: 
    drop table if exists follows cascade 
2025-07-24T10:02:01.000-03:00 DEBUG 1428 --- [project] [           main] org.hibernate.SQL                        : 
    drop table if exists tweets cascade 
Hibernate: 
    drop table if exists tweets cascade 
2025-07-24T10:02:01.000-03:00 DEBUG 1428 --- [project] [           main] org.hibernate.SQL                        : 
    drop table if exists "users" cascade 
Hibernate: 
    drop table if exists "users" cascade 
2025-07-24T10:02:01.002-03:00 DEBUG 1428 --- [project] [           main] org.hibernate.SQL                        : 
    create table follows (
        id bigint generated by default as identity,
        followee_id uuid not null,
        follower_id uuid not null,
        primary key (id),
        unique (follower_id, followee_id)
    )
Hibernate: 
    create table follows (
        id bigint generated by default as identity,
        followee_id uuid not null,
        follower_id uuid not null,
        primary key (id),
        unique (follower_id, followee_id)
    )
2025-07-24T10:02:01.006-03:00 DEBUG 1428 --- [project] [           main] org.hibernate.SQL                        : 
    create table tweets (
        created_at timestamp(6) not null,
        id uuid not null,
        user_id uuid not null,
        content varchar(280) not null,
        primary key (id)
    )
Hibernate: 
    create table tweets (
        created_at timestamp(6) not null,
        id uuid not null,
        user_id uuid not null,
        content varchar(280) not null,
        primary key (id)
    )
2025-07-24T10:02:01.006-03:00 DEBUG 1428 --- [project] [           main] org.hibernate.SQL                        : 
    create table "users" (
        created_at timestamp(6) not null,
        id uuid not null,
        username varchar(50) not null unique,
        email varchar(100) not null unique,
        password_hash varchar(255) not null,
        primary key (id)
    )
Hibernate: 
    create table "users" (
        created_at timestamp(6) not null,
        id uuid not null,
        username varchar(50) not null unique,
        email varchar(100) not null unique,
        password_hash varchar(255) not null,
        primary key (id)
    )
2025-07-24T10:02:01.008-03:00  INFO 1428 --- [project] [           main] j.LocalContainerEntityManagerFactoryBean : Initialized JPA EntityManagerFactory for persistence unit 'default'
2025-07-24T10:02:01.145-03:00  INFO 1428 --- [project] [           main] o.s.d.j.r.query.QueryEnhancerFactory     : Hibernate is in classpath; If applicable, HQL parser will be used.
2025-07-24T10:02:01.583-03:00  WARN 1428 --- [project] [           main] JpaBaseConfiguration$JpaWebConfiguration : spring.jpa.open-in-view is enabled by default. Therefore, database queries may be performed during view rendering. Explicitly configure spring.jpa.open-in-view to disable this warning
2025-07-24T10:02:01.723-03:00  INFO 1428 --- [project] [           main] o.s.b.a.h2.H2ConsoleAutoConfiguration    : H2 console available at '/h2-console'. Database available at 'jdbc:h2:mem:microblogdb'
2025-07-24T10:02:01.734-03:00 DEBUG 1428 --- [project] [           main] o.s.jdbc.datasource.init.ScriptUtils     : Executing SQL script from file [/Users/dariomarranti/Develop/Workspace/personal/microblogging/target/classes/data.sql]
2025-07-24T10:02:01.736-03:00 DEBUG 1428 --- [project] [           main] o.s.jdbc.datasource.init.ScriptUtils     : 0 returned as update count for SQL: DELETE FROM tweets
2025-07-24T10:02:01.736-03:00 DEBUG 1428 --- [project] [           main] o.s.jdbc.datasource.init.ScriptUtils     : 0 returned as update count for SQL: DELETE FROM follows
2025-07-24T10:02:01.737-03:00 DEBUG 1428 --- [project] [           main] o.s.jdbc.datasource.init.ScriptUtils     : 0 returned as update count for SQL: DELETE FROM "users"
2025-07-24T10:02:01.738-03:00 DEBUG 1428 --- [project] [           main] o.s.jdbc.datasource.init.ScriptUtils     : 3 returned as update count for SQL: INSERT INTO "users" (id, username, password_hash, email, created_at) VALUES ('11111111-1111-1111-1111-111111111111', 'alice', '$2a$10$abcdefghijklmnopqrstuvwxyz', 'alice@example.com', '2023-01-01 10:00:00'), ('22222222-2222-2222-2222-222222222222', 'bob', '$2a$10$abcdefghijklmnopqrstuvwxyz', 'bob@example.com', '2023-01-02 11:00:00'), ('33333333-3333-3333-3333-333333333333', 'charlie', '$2a$10$abcdefghijklmnopqrstuvwxyz', 'charlie@example.com', '2023-01-03 12:00:00')
2025-07-24T10:02:01.738-03:00 DEBUG 1428 --- [project] [           main] o.s.jdbc.datasource.init.ScriptUtils     : 1 returned as update count for SQL: INSERT INTO follows (follower_id, followee_id) VALUES ('11111111-1111-1111-1111-111111111111', '22222222-2222-2222-2222-222222222222')
2025-07-24T10:02:01.739-03:00 DEBUG 1428 --- [project] [           main] o.s.jdbc.datasource.init.ScriptUtils     : 2 returned as update count for SQL: INSERT INTO follows (follower_id, followee_id) VALUES ('22222222-2222-2222-2222-222222222222', '11111111-1111-1111-1111-111111111111'), ('22222222-2222-2222-2222-222222222222', '33333333-3333-3333-3333-333333333333')
2025-07-24T10:02:01.739-03:00 DEBUG 1428 --- [project] [           main] o.s.jdbc.datasource.init.ScriptUtils     : 1 returned as update count for SQL: INSERT INTO follows (follower_id, followee_id) VALUES ('33333333-3333-3333-3333-333333333333', '11111111-1111-1111-1111-111111111111')
2025-07-24T10:02:01.739-03:00 DEBUG 1428 --- [project] [           main] o.s.jdbc.datasource.init.ScriptUtils     : 3 returned as update count for SQL: INSERT INTO tweets (id, user_id, content, created_at) VALUES ('aaaaaaaa-aaaa-aaaa-aaaa-aaaaaaaaaaaa', '11111111-1111-1111-1111-111111111111', 'Hello Twitter, this is Alice!', '2024-07-22 10:00:00'), ('bbbbbbbb-bbbb-bbbb-bbbb-bbbbbbbbbbbb', '11111111-1111-1111-1111-111111111111', 'Just posted my second tweet! #microblogging', '2024-07-22 10:05:00'), ('cccccccc-cccc-cccc-cccc-cccccccccccc', '11111111-1111-1111-1111-111111111111', 'Enjoying the sun today!', '2024-07-22 10:15:00')
2025-07-24T10:02:01.739-03:00 DEBUG 1428 --- [project] [           main] o.s.jdbc.datasource.init.ScriptUtils     : 3 returned as update count for SQL: INSERT INTO tweets (id, user_id, content, created_at) VALUES ('dddddddd-dddd-dddd-dddd-dddddddddddd', '22222222-2222-2222-2222-222222222222', 'Bob is here! What''s up, world?', '2024-07-22 10:02:00'), ('eeeeeeee-eeee-eeee-eeee-eeeeeeeeeeee', '22222222-2222-2222-2222-222222222222', 'Thinking about microservices architecture...', '2024-07-22 10:10:00'), ('ffffffff-ffff-ffff-ffff-ffffffffffff', '22222222-2222-2222-2222-222222222222', 'Anyone for coffee?', '2024-07-22 10:20:00')
2025-07-24T10:02:01.740-03:00 DEBUG 1428 --- [project] [           main] o.s.jdbc.datasource.init.ScriptUtils     : 1 returned as update count for SQL: INSERT INTO tweets (id, user_id, content, created_at) VALUES ('44444444-4444-4444-4444-444444444444', '33333333-3333-3333-3333-333333333333', 'Charlie''s first tweet!', '2024-07-22 10:07:00')
2025-07-24T10:02:01.740-03:00 DEBUG 1428 --- [project] [           main] o.s.jdbc.datasource.init.ScriptUtils     : Executed SQL script from file [/Users/dariomarranti/Develop/Workspace/personal/microblogging/target/classes/data.sql] in 6 ms.
2025-07-24T10:02:01.783-03:00  INFO 1428 --- [project] [           main] c.m.project.ProjectApplicationTests      : Started ProjectApplicationTests in 2.127 seconds (process running for 2.538)
]]></system-out>
    <system-err><![CDATA[Jul 24, 2025 10:01:59 AM org.junit.platform.launcher.core.LauncherConfigurationParameters loadClasspathResource
WARNING: Discovered 3 'junit-platform.properties' configuration files on the classpath (see below); only the first (*) will be used.
- jar:file:/Users/dariomarranti/.m2/repository/org/apache/kafka/kafka-clients/3.8.1/kafka-clients-3.8.1-test.jar!/junit-platform.properties (*)
- jar:file:/Users/dariomarranti/.m2/repository/org/apache/kafka/kafka-server-common/3.8.1/kafka-server-common-3.8.1-test.jar!/junit-platform.properties
- jar:file:/Users/dariomarranti/.m2/repository/org/apache/kafka/kafka_2.13/3.8.1/kafka_2.13-3.8.1-test.jar!/junit-platform.properties
Jul 24, 2025 10:01:59 AM org.junit.platform.launcher.core.LauncherConfigurationParameters loadClasspathResource
WARNING: Discovered 3 'junit-platform.properties' configuration files on the classpath (see below); only the first (*) will be used.
- jar:file:/Users/dariomarranti/.m2/repository/org/apache/kafka/kafka-clients/3.8.1/kafka-clients-3.8.1-test.jar!/junit-platform.properties (*)
- jar:file:/Users/dariomarranti/.m2/repository/org/apache/kafka/kafka-server-common/3.8.1/kafka-server-common-3.8.1-test.jar!/junit-platform.properties
- jar:file:/Users/dariomarranti/.m2/repository/org/apache/kafka/kafka_2.13/3.8.1/kafka_2.13-3.8.1-test.jar!/junit-platform.properties
Mockito is currently self-attaching to enable the inline-mock-maker. This will no longer work in future releases of the JDK. Please add Mockito as an agent to your build what is described in Mockito's documentation: https://javadoc.io/doc/org.mockito/mockito-core/latest/org/mockito/Mockito.html#0.3
WARNING: A Java agent has been loaded dynamically (/Users/dariomarranti/.m2/repository/net/bytebuddy/byte-buddy-agent/1.15.10/byte-buddy-agent-1.15.10.jar)
WARNING: If a serviceability tool is in use, please run with -XX:+EnableDynamicAgentLoading to hide this warning
WARNING: If a serviceability tool is not in use, please run with -Djdk.instrument.traceUsage for more information
WARNING: Dynamic loading of agents will be disallowed by default in a future release
]]></system-err>
  </testcase>
</testsuite>